<component name="libraryTable">
  <library name="junit-4.12-javadoc">
    <CLASSES>
      <root url="jar://$PROJECT_DIR$/../../../repository/junit/junit/4.12/junit-4.12.jar!/" />
      <root url="jar://$PROJECT_DIR$/../../../repository/org/hamcrest/hamcrest-core/1.3/hamcrest-core-1.3.jar!/" />
    </CLASSES>
    <JAVADOC>
      <root url="jar://$PROJECT_DIR$/../../../repository/junit/junit/4.12/junit-4.12-javadoc.jar!/" />
    </JAVADOC>
    <SOURCES />
  </library>
</component>